[debug] [2021-08-04T16:26:34.048Z] ----------------------------------------------------------------------
[debug] [2021-08-04T16:26:34.050Z] Command:       C:\Program Files\nodejs\node.exe C:\Users\USER\AppData\Roaming\npm\node_modules\firebase-tools\lib\bin\firebase.js init
[debug] [2021-08-04T16:26:34.050Z] CLI Version:   9.16.0
[debug] [2021-08-04T16:26:34.050Z] Platform:      win32
[debug] [2021-08-04T16:26:34.050Z] Node Version:  v14.17.3
[debug] [2021-08-04T16:26:34.052Z] Time:          Wed Aug 04 2021 22:26:34 GMT+0600 (Bangladesh Standard Time)
[debug] [2021-08-04T16:26:34.052Z] ----------------------------------------------------------------------
[debug] 
[debug] [2021-08-04T16:26:34.064Z] > command requires scopes: ["email","openid","https://www.googleapis.com/auth/cloudplatformprojects.readonly","https://www.googleapis.com/auth/firebase","https://www.googleapis.com/auth/cloud-platform"]
[debug] [2021-08-04T16:26:34.064Z] > authorizing via signed-in user (riyasaatahmed24@gmail.com)
[info] 
     ######## #### ########  ######## ########     ###     ######  ########
     ##        ##  ##     ## ##       ##     ##  ##   ##  ##       ##
     ######    ##  ########  ######   ########  #########  ######  ######
     ##        ##  ##    ##  ##       ##     ## ##     ##       ## ##
     ##       #### ##     ## ######## ########  ##     ##  ######  ########

You're about to initialize a Firebase project in this directory:

  C:\Users\USER\OneDrive\Desktop\Projects\Crud Operation

[info] 
=== Project Setup
[info] 
[info] First, let's associate this project directory with a Firebase project.
[info] You can create multiple project aliases by running firebase use --add, 
[info] but for now we'll just set up a default project.
[info] 
[debug] [2021-08-04T16:27:07.881Z] >>> [apiv2][query] GET https://firebase.googleapis.com/v1beta1/projects pageSize=100
[debug] [2021-08-04T16:27:08.632Z] <<< [apiv2][status] GET https://firebase.googleapis.com/v1beta1/projects 200
[debug] [2021-08-04T16:27:08.632Z] <<< [apiv2][body] GET https://firebase.googleapis.com/v1beta1/projects [omitted]
[info] i  Using project crudapi-cf4db (crudApi) 
[info] 
=== Hosting:github Setup
[info] 
[info] i  Detected a .git folder at C:\Users\USER\OneDrive\Desktop\Projects\Crud Operation 
[info] i  Authorizing with GitHub to upload your service account to a GitHub repository's secrets store. 
[info] 
[info] Visit this URL on this device to log in:
[info] https://github.com/login/oauth/authorize?client_id=89cf50f02ac6aaed3484&state=1003926206&redirect_uri=http%3A%2F%2Flocalhost%3A9005&scope=read%3Auser%20repo%20public_repo
[info] 
[info] Waiting for authentication...
[debug] [2021-08-04T16:27:12.837Z] >>> HTTP REQUEST POST https://github.com/login/oauth/access_token  
 {"client_id":"89cf50f02ac6aaed3484","client_secret":"3330d14abc895d9a74d5f17cd7a00711fa2c5bf0","code":"beb989341398980d682c","redirect_uri":"http://localhost:9005","state":"1003926206"}
[debug] [2021-08-04T16:27:13.405Z] <<< HTTP RESPONSE 200 {"server":"GitHub.com","date":"Wed, 04 Aug 2021 16:27:11 GMT","content-type":"application/json; charset=utf-8","transfer-encoding":"chunked","vary":"X-PJAX, Accept-Encoding, Accept, X-Requested-With","permissions-policy":"interest-cohort=()","etag":"W/\"4fc42819b2d55dbd50292ad5dfadd632\"","cache-control":"max-age=0, private, must-revalidate","strict-transport-security":"max-age=31536000; includeSubdomains; preload","x-frame-options":"deny","x-content-type-options":"nosniff","x-xss-protection":"0","referrer-policy":"origin-when-cross-origin, strict-origin-when-cross-origin","expect-ct":"max-age=2592000, report-uri=\"https://api.github.com/_private/browser/errors\"","content-security-policy":"default-src 'none'; base-uri 'self'; block-all-mixed-content; connect-src 'self' uploads.github.com www.githubstatus.com collector.githubapp.com api.github.com github-cloud.s3.amazonaws.com github-production-repository-file-5c1aeb.s3.amazonaws.com github-production-upload-manifest-file-7fdce7.s3.amazonaws.com github-production-user-asset-6210df.s3.amazonaws.com cdn.optimizely.com logx.optimizely.com/v1/events translator.github.com wss://alive.github.com; font-src github.githubassets.com; form-action 'self' github.com gist.github.com; frame-ancestors 'none'; frame-src render.githubusercontent.com render-temp.githubusercontent.com viewscreen.githubusercontent.com; img-src 'self' data: github.githubassets.com identicons.github.com collector.githubapp.com github-cloud.s3.amazonaws.com secured-user-images.githubusercontent.com/ *.githubusercontent.com; manifest-src 'self'; media-src 'none'; script-src github.githubassets.com; style-src 'unsafe-inline' github.githubassets.com; worker-src github.com/socket-worker-3f088aa2.js gist.github.com/socket-worker-3f088aa2.js","x-github-request-id":"2D2F:70BE:17F2D2:1AE2A2:610ABFDF"}
[debug] [2021-08-04T16:27:13.410Z] >>> [apiv2][query] GET https://api.github.com/user [none]
[debug] [2021-08-04T16:27:14.123Z] <<< [apiv2][status] GET https://api.github.com/user 200
[debug] [2021-08-04T16:27:14.123Z] <<< [apiv2][body] GET https://api.github.com/user {"login":"RiyasaatAhmed","id":53489363,"node_id":"MDQ6VXNlcjUzNDg5MzYz","avatar_url":"https://avatars.githubusercontent.com/u/53489363?v=4","gravatar_id":"","url":"https://api.github.com/users/RiyasaatAhmed","html_url":"https://github.com/RiyasaatAhmed","followers_url":"https://api.github.com/users/RiyasaatAhmed/followers","following_url":"https://api.github.com/users/RiyasaatAhmed/following{/other_user}","gists_url":"https://api.github.com/users/RiyasaatAhmed/gists{/gist_id}","starred_url":"https://api.github.com/users/RiyasaatAhmed/starred{/owner}{/repo}","subscriptions_url":"https://api.github.com/users/RiyasaatAhmed/subscriptions","organizations_url":"https://api.github.com/users/RiyasaatAhmed/orgs","repos_url":"https://api.github.com/users/RiyasaatAhmed/repos","events_url":"https://api.github.com/users/RiyasaatAhmed/events{/privacy}","received_events_url":"https://api.github.com/users/RiyasaatAhmed/received_events","type":"User","site_admin":false,"name":"Riyasaat Ahmed Rahul","company":null,"blog":"","location":"Dhaka","email":null,"hireable":null,"bio":null,"twitter_username":null,"public_repos":11,"public_gists":0,"followers":3,"following":5,"created_at":"2019-07-30T17:02:08Z","updated_at":"2021-07-16T09:31:09Z","private_gists":0,"total_private_repos":1,"owned_private_repos":1,"disk_usage":185046,"collaborators":2,"two_factor_authentication":false,"plan":{"name":"free","space":976562499,"collaborators":0,"private_repos":10000}}
[info] 
[info] +  Success! Logged into GitHub as RiyasaatAhmed 
[info] 
